<?xml version="1.0" encoding="UTF-8"?>
<!-- Generated by org.testng.reporters.JUnitReportReporter -->
<testsuite hostname="JEET" failures="0" tests="1" name="pom_Test.login_Test" time="26.717" errors="0" timestamp="2023-01-11T12:13:17 IST" skipped="0">
  <testcase classname="pom_Test.login_Test" name="login_Test" time="26.717"/>
  <system-out/>
</testsuite> <!-- pom_Test.login_Test -->
