<?xml version="1.0" encoding="UTF-8"?>
<!-- Generated by org.testng.reporters.JUnitReportReporter -->
<testsuite hostname="JEET" failures="0" tests="1" name="pom_Test.login_Test" time="11.944" errors="0" timestamp="2023-01-10T22:21:41 IST" skipped="0">
  <testcase classname="pom_Test.login_Test" name="login_Test" time="11.944"/>
  <system-out/>
</testsuite> <!-- pom_Test.login_Test -->
